{"numFailedTestSuites":3,"numFailedTests":21,"numPassedTestSuites":0,"numPassedTests":27,"numPendingTestSuites":0,"numPendingTests":0,"numRuntimeErrorTestSuites":0,"numTodoTests":0,"numTotalTestSuites":3,"numTotalTests":48,"openHandles":[],"snapshot":{"added":0,"didUpdate":false,"failure":false,"filesAdded":0,"filesRemoved":0,"filesRemovedList":[],"filesUnmatched":0,"filesUpdated":0,"matched":0,"total":0,"unchecked":0,"uncheckedKeysByFile":[],"unmatched":0,"updated":0},"startTime":1752684123000,"success":false,"testResults":[{"assertionResults":[{"ancestorTitles":["Base Tests - ","Route: /agentes - "],"duration":127,"failing":false,"failureDetails":[],"failureMessages":[],"fullName":"Base Tests -  Route: /agentes -  CREATE: Cria agentes corretamente","invocations":1,"location":null,"numPassingAsserts":2,"retryReasons":[],"startAt":1752684123482,"status":"passed","title":"CREATE: Cria agentes corretamente"},{"ancestorTitles":["Base Tests - ","Route: /agentes - "],"duration":43,"failing":false,"failureDetails":[],"failureMessages":[],"fullName":"Base Tests -  Route: /agentes -  READ: Lista todos os agente corretamente","invocations":1,"location":null,"numPassingAsserts":3,"retryReasons":[],"startAt":1752684123610,"status":"passed","title":"READ: Lista todos os agente corretamente"},{"ancestorTitles":["Base Tests - ","Route: /agentes - "],"duration":16,"failing":false,"failureDetails":[],"failureMessages":[],"fullName":"Base Tests -  Route: /agentes -  READ: Busca agente por ID corretamente","invocations":1,"location":null,"numPassingAsserts":2,"retryReasons":[],"startAt":1752684123654,"status":"passed","title":"READ: Busca agente por ID corretamente"},{"ancestorTitles":["Base Tests - ","Route: /agentes - "],"duration":19,"failing":false,"failureDetails":[],"failureMessages":[],"fullName":"Base Tests -  Route: /agentes -  UPDATE: Atualiza dados do agente com por completo (com PUT) corretamente","invocations":1,"location":null,"numPassingAsserts":2,"retryReasons":[],"startAt":1752684123671,"status":"passed","title":"UPDATE: Atualiza dados do agente com por completo (com PUT) corretamente"},{"ancestorTitles":["Base Tests - ","Route: /agentes - "],"duration":17,"failing":false,"failureDetails":[],"failureMessages":[],"fullName":"Base Tests -  Route: /agentes -  UPDATE: Atualiza dados do agente com por completo (com PATCH) corretamente","invocations":1,"location":null,"numPassingAsserts":3,"retryReasons":[],"startAt":1752684123690,"status":"passed","title":"UPDATE: Atualiza dados do agente com por completo (com PATCH) corretamente"},{"ancestorTitles":["Base Tests - ","Route: /agentes - "],"duration":167,"failing":false,"failureDetails":[{}],"failureMessages":["Error: An unexpected error occurred in test \"DELETE: Deleta dados de agente corretamente\": Cannot read properties of undefined (reading 'status')\n    at Object.<anonymous> (/home/gnvr/Desktop/Autograder/autograder/tests/setup.js:9:19)\n    at processTicksAndRejections (node:internal/process/task_queues:105:5)"],"fullName":"Base Tests -  Route: /agentes -  DELETE: Deleta dados de agente corretamente","invocations":1,"location":null,"numPassingAsserts":2,"retryReasons":[],"startAt":1752684123708,"status":"failed","title":"DELETE: Deleta dados de agente corretamente"},{"ancestorTitles":["Base Tests - ","Route: /agentes - "],"duration":20,"failing":false,"failureDetails":[{}],"failureMessages":["Error: An unexpected error occurred in test \"CREATE: Recebe status code 400 ao tentar criar agente com payload em formato incorreto\": Cannot read properties of undefined (reading 'status')\n    at Object.<anonymous> (/home/gnvr/Desktop/Autograder/autograder/tests/setup.js:9:19)\n    at processTicksAndRejections (node:internal/process/task_queues:105:5)"],"fullName":"Base Tests -  Route: /agentes -  CREATE: Recebe status code 400 ao tentar criar agente com payload em formato incorreto","invocations":1,"location":null,"numPassingAsserts":0,"retryReasons":[],"startAt":1752684123877,"status":"failed","title":"CREATE: Recebe status code 400 ao tentar criar agente com payload em formato incorreto"},{"ancestorTitles":["Base Tests - ","Route: /agentes - "],"duration":21,"failing":false,"failureDetails":[],"failureMessages":[],"fullName":"Base Tests -  Route: /agentes -  READ: Recebe status 404 ao tentar buscar um agente inexistente","invocations":1,"location":null,"numPassingAsserts":1,"retryReasons":[],"startAt":1752684123899,"status":"passed","title":"READ: Recebe status 404 ao tentar buscar um agente inexistente"},{"ancestorTitles":["Base Tests - ","Route: /agentes - "],"duration":19,"failing":false,"failureDetails":[{}],"failureMessages":["Error: An unexpected error occurred in test \"UPDATE: Recebe status code 400 ao tentar atualizar agente por completo com método PUT e payload em formato incorreto\": Cannot read properties of undefined (reading 'status')\n    at Object.<anonymous> (/home/gnvr/Desktop/Autograder/autograder/tests/setup.js:9:19)\n    at processTicksAndRejections (node:internal/process/task_queues:105:5)"],"fullName":"Base Tests -  Route: /agentes -  UPDATE: Recebe status code 400 ao tentar atualizar agente por completo com método PUT e payload em formato incorreto","invocations":1,"location":null,"numPassingAsserts":0,"retryReasons":[],"startAt":1752684123920,"status":"failed","title":"UPDATE: Recebe status code 400 ao tentar atualizar agente por completo com método PUT e payload em formato incorreto"},{"ancestorTitles":["Base Tests - ","Route: /agentes - "],"duration":19,"failing":false,"failureDetails":[{}],"failureMessages":["Error: An unexpected error occurred in test \"UPDATE: Recebe status code 404 ao tentar atualizar agente por completo com método PUT de agente inexistente\": Cannot read properties of undefined (reading 'status')\n    at Object.<anonymous> (/home/gnvr/Desktop/Autograder/autograder/tests/setup.js:9:19)\n    at processTicksAndRejections (node:internal/process/task_queues:105:5)"],"fullName":"Base Tests -  Route: /agentes -  UPDATE: Recebe status code 404 ao tentar atualizar agente por completo com método PUT de agente inexistente","invocations":1,"location":null,"numPassingAsserts":0,"retryReasons":[],"startAt":1752684123940,"status":"failed","title":"UPDATE: Recebe status code 404 ao tentar atualizar agente por completo com método PUT de agente inexistente"},{"ancestorTitles":["Base Tests - ","Route: /agentes - "],"duration":19,"failing":false,"failureDetails":[{}],"failureMessages":["Error: An unexpected error occurred in test \"UPDATE: Recebe status code 400 ao tentar atualizar objeto parcialmente com método PATCH e payload em formato incorreto\": Cannot read properties of undefined (reading 'status')\n    at Object.<anonymous> (/home/gnvr/Desktop/Autograder/autograder/tests/setup.js:9:19)\n    at processTicksAndRejections (node:internal/process/task_queues:105:5)"],"fullName":"Base Tests -  Route: /agentes -  UPDATE: Recebe status code 400 ao tentar atualizar objeto parcialmente com método PATCH e payload em formato incorreto","invocations":1,"location":null,"numPassingAsserts":0,"retryReasons":[],"startAt":1752684123960,"status":"failed","title":"UPDATE: Recebe status code 400 ao tentar atualizar objeto parcialmente com método PATCH e payload em formato incorreto"},{"ancestorTitles":["Base Tests - ","Route: /agentes - "],"duration":22,"failing":false,"failureDetails":[{}],"failureMessages":["Error: An unexpected error occurred in test \"UPDATE: Recebe status code 404 ao tentar atualizar agente por parcialmente com método PATCH de agente inexistente\": Cannot read properties of undefined (reading 'status')\n    at Object.<anonymous> (/home/gnvr/Desktop/Autograder/autograder/tests/setup.js:9:19)\n    at processTicksAndRejections (node:internal/process/task_queues:105:5)"],"fullName":"Base Tests -  Route: /agentes -  UPDATE: Recebe status code 404 ao tentar atualizar agente por parcialmente com método PATCH de agente inexistente","invocations":1,"location":null,"numPassingAsserts":0,"retryReasons":[],"startAt":1752684123980,"status":"failed","title":"UPDATE: Recebe status code 404 ao tentar atualizar agente por parcialmente com método PATCH de agente inexistente"},{"ancestorTitles":["Base Tests - ","Route: /agentes - "],"duration":16,"failing":false,"failureDetails":[],"failureMessages":[],"fullName":"Base Tests -  Route: /agentes -  DELETE: Recebe status code 404 ao tentar deletar agente inexistente","invocations":1,"location":null,"numPassingAsserts":1,"retryReasons":[],"startAt":1752684124003,"status":"passed","title":"DELETE: Recebe status code 404 ao tentar deletar agente inexistente"},{"ancestorTitles":["Base Tests - ","Route: /casos - "],"duration":16,"failing":false,"failureDetails":[],"failureMessages":[],"fullName":"Base Tests -  Route: /casos -  CREATE: Cria casos corretamente","invocations":1,"location":null,"numPassingAsserts":5,"retryReasons":[],"startAt":1752684124019,"status":"passed","title":"CREATE: Cria casos corretamente"},{"ancestorTitles":["Base Tests - ","Route: /casos - "],"duration":15,"failing":false,"failureDetails":[],"failureMessages":[],"fullName":"Base Tests -  Route: /casos -  Lista todos os casos corretamente","invocations":1,"location":null,"numPassingAsserts":3,"retryReasons":[],"startAt":1752684124036,"status":"passed","title":"Lista todos os casos corretamente"},{"ancestorTitles":["Base Tests - ","Route: /casos - "],"duration":15,"failing":false,"failureDetails":[],"failureMessages":[],"fullName":"Base Tests -  Route: /casos -  READ: Busca caso por ID corretamente","invocations":1,"location":null,"numPassingAsserts":2,"retryReasons":[],"startAt":1752684124051,"status":"passed","title":"READ: Busca caso por ID corretamente"},{"ancestorTitles":["Base Tests - ","Route: /casos - "],"duration":21,"failing":false,"failureDetails":[],"failureMessages":[],"fullName":"Base Tests -  Route: /casos -  UPDATE: Atualiza dados de um caso com por completo (com PUT) corretamente","invocations":1,"location":null,"numPassingAsserts":2,"retryReasons":[],"startAt":1752684124066,"status":"passed","title":"UPDATE: Atualiza dados de um caso com por completo (com PUT) corretamente"},{"ancestorTitles":["Base Tests - ","Route: /casos - "],"duration":20,"failing":false,"failureDetails":[],"failureMessages":[],"fullName":"Base Tests -  Route: /casos -  UPDATE: Atualiza dados de um caso parcialmente (com PATCH) corretamente","invocations":1,"location":null,"numPassingAsserts":3,"retryReasons":[],"startAt":1752684124088,"status":"passed","title":"UPDATE: Atualiza dados de um caso parcialmente (com PATCH) corretamente"},{"ancestorTitles":["Base Tests - ","Route: /casos - "],"duration":58,"failing":false,"failureDetails":[{}],"failureMessages":["Error: An unexpected error occurred in test \"DELETE: Deleta dados de um caso corretamente\": \u001b[2mexpect(\u001b[22m\u001b[31mreceived\u001b[39m\u001b[2m).\u001b[22mrejects\u001b[2m.\u001b[22mtoThrow\u001b[2m(\u001b[22m\u001b[32mexpected\u001b[39m\u001b[2m)\u001b[22m\n\nExpected substring: \u001b[32m\"API error in test \\\"Deleta dados de um caso corretamente\\\": 404 Not Found\"\u001b[39m\nReceived message:   \u001b[31m\"Request failed with status code 404\"\u001b[39m\n\n    \u001b[0m \u001b[90m 291 |\u001b[39m             expect(response\u001b[33m.\u001b[39mdata)\u001b[33m.\u001b[39mtoBeFalsy()\u001b[33m;\u001b[39m\n     \u001b[90m 292 |\u001b[39m\n    \u001b[31m\u001b[1m>\u001b[22m\u001b[39m\u001b[90m 293 |\u001b[39m             \u001b[36mawait\u001b[39m expect(axios\u001b[33m.\u001b[39m\u001b[36mget\u001b[39m(\u001b[32m`${BASE_URL}/casos/${createdCaseId}`\u001b[39m))\u001b[33m.\u001b[39mrejects\u001b[33m.\u001b[39mtoThrow(\u001b[32m'API error in test \"Deleta dados de um caso corretamente\": 404 Not Found'\u001b[39m)\u001b[33m;\u001b[39m\n     \u001b[90m     |\u001b[39m             \u001b[31m\u001b[1m^\u001b[22m\u001b[39m\n     \u001b[90m 294 |\u001b[39m\n     \u001b[90m 295 |\u001b[39m             \u001b[90m// Nullify the ID to prevent afterEach from trying to delete it again\u001b[39m\n     \u001b[90m 296 |\u001b[39m             createdCaseId \u001b[33m=\u001b[39m \u001b[36mnull\u001b[39m\u001b[33m;\u001b[39m\u001b[0m\n\n      \u001b[2mat settle (\u001b[22mnode_modules/axios/lib/core/settle.js\u001b[2m:19:12)\u001b[22m\n      \u001b[2mat IncomingMessage.handleStreamEnd (\u001b[22mnode_modules/axios/lib/adapters/http.js\u001b[2m:599:11)\u001b[22m\n      \u001b[2mat Axios.request (\u001b[22mnode_modules/axios/lib/core/Axios.js\u001b[2m:45:41)\u001b[22m\n      \u001b[2mat \u001b[22mtests/__tests__/base.test.js\u001b[2m:293:13\u001b[22m\n      \u001b[2mat Object.<anonymous> (\u001b[22mtests/setup.js\u001b[2m:4:13)\u001b[22m\n    at Object.<anonymous> (/home/gnvr/Desktop/Autograder/autograder/tests/setup.js:9:19)\n    at processTicksAndRejections (node:internal/process/task_queues:105:5)"],"fullName":"Base Tests -  Route: /casos -  DELETE: Deleta dados de um caso corretamente","invocations":1,"location":null,"numPassingAsserts":2,"retryReasons":[],"startAt":1752684124110,"status":"failed","title":"DELETE: Deleta dados de um caso corretamente"},{"ancestorTitles":["Base Tests - ","Route: /casos - "],"duration":15,"failing":false,"failureDetails":[],"failureMessages":[],"fullName":"Base Tests -  Route: /casos -  CREATE: Recebe status code 400 ao tentar criar caso com payload em formato incorreto","invocations":1,"location":null,"numPassingAsserts":1,"retryReasons":[],"startAt":1752684124168,"status":"passed","title":"CREATE: Recebe status code 400 ao tentar criar caso com payload em formato incorreto"},{"ancestorTitles":["Base Tests - ","Route: /casos - "],"duration":15,"failing":false,"failureDetails":[{}],"failureMessages":["Error: An unexpected error occurred in test \"CREATE: Recebe status code 404 ao tentar criar caso com id de agente inválido/inexistente\": Cannot read properties of undefined (reading 'status')\n    at Object.<anonymous> (/home/gnvr/Desktop/Autograder/autograder/tests/setup.js:9:19)\n    at processTicksAndRejections (node:internal/process/task_queues:105:5)"],"fullName":"Base Tests -  Route: /casos -  CREATE: Recebe status code 404 ao tentar criar caso com id de agente inválido/inexistente","invocations":1,"location":null,"numPassingAsserts":0,"retryReasons":[],"startAt":1752684124184,"status":"failed","title":"CREATE: Recebe status code 404 ao tentar criar caso com id de agente inválido/inexistente"},{"ancestorTitles":["Base Tests - ","Route: /casos - "],"duration":16,"failing":false,"failureDetails":[],"failureMessages":[],"fullName":"Base Tests -  Route: /casos -  READ: Recebe status code 404 ao tentar buscar um caso por ID inválido","invocations":1,"location":null,"numPassingAsserts":1,"retryReasons":[],"startAt":1752684124200,"status":"passed","title":"READ: Recebe status code 404 ao tentar buscar um caso por ID inválido"},{"ancestorTitles":["Base Tests - ","Route: /casos - "],"duration":20,"failing":false,"failureDetails":[],"failureMessages":[],"fullName":"Base Tests -  Route: /casos -  UPDATE: Recebe status code 400 ao tentar atualizar um caso por completo com método PUT com payload em formato incorreto","invocations":1,"location":null,"numPassingAsserts":1,"retryReasons":[],"startAt":1752684124217,"status":"passed","title":"UPDATE: Recebe status code 400 ao tentar atualizar um caso por completo com método PUT com payload em formato incorreto"},{"ancestorTitles":["Base Tests - ","Route: /casos - "],"duration":22,"failing":false,"failureDetails":[{}],"failureMessages":["Error: An unexpected error occurred in test \"UPDATE: Recebe status code 404 ao tentar atualizar um caso por completo com método PUT de um caso inexistente\": Cannot read properties of undefined (reading 'status')\n    at Object.<anonymous> (/home/gnvr/Desktop/Autograder/autograder/tests/setup.js:9:19)\n    at processTicksAndRejections (node:internal/process/task_queues:105:5)"],"fullName":"Base Tests -  Route: /casos -  UPDATE: Recebe status code 404 ao tentar atualizar um caso por completo com método PUT de um caso inexistente","invocations":1,"location":null,"numPassingAsserts":0,"retryReasons":[],"startAt":1752684124237,"status":"failed","title":"UPDATE: Recebe status code 404 ao tentar atualizar um caso por completo com método PUT de um caso inexistente"},{"ancestorTitles":["Base Tests - ","Route: /casos - "],"duration":21,"failing":false,"failureDetails":[{}],"failureMessages":["Error: An unexpected error occurred in test \"UPDATE: Recebe status code 404 ao tentar atualizar um caso parcialmente com método PATCH de um caso inexistente\": Cannot read properties of undefined (reading 'status')\n    at Object.<anonymous> (/home/gnvr/Desktop/Autograder/autograder/tests/setup.js:9:19)\n    at processTicksAndRejections (node:internal/process/task_queues:105:5)"],"fullName":"Base Tests -  Route: /casos -  UPDATE: Recebe status code 404 ao tentar atualizar um caso parcialmente com método PATCH de um caso inexistente","invocations":1,"location":null,"numPassingAsserts":0,"retryReasons":[],"startAt":1752684124260,"status":"failed","title":"UPDATE: Recebe status code 404 ao tentar atualizar um caso parcialmente com método PATCH de um caso inexistente"},{"ancestorTitles":["Base Tests - ","Route: /casos - "],"duration":16,"failing":false,"failureDetails":[],"failureMessages":[],"fullName":"Base Tests -  Route: /casos -  DELETE: Recebe status code 404 ao tentar deletar um caso inexistente","invocations":1,"location":null,"numPassingAsserts":1,"retryReasons":[],"startAt":1752684124282,"status":"passed","title":"DELETE: Recebe status code 404 ao tentar deletar um caso inexistente"}],"endTime":1752684124331,"message":"\u001b[1m\u001b[31m  \u001b[1m● \u001b[22m\u001b[1mBase Tests -  › Route: /agentes -  › DELETE: Deleta dados de agente corretamente\u001b[39m\u001b[22m\n\n    An unexpected error occurred in test \"DELETE: Deleta dados de agente corretamente\": Cannot read properties of undefined (reading 'status')\n\u001b[2m\u001b[22m\n\u001b[2m    \u001b[0m \u001b[90m  7 |\u001b[39m                 \u001b[36mthrow\u001b[39m \u001b[36mnew\u001b[39m \u001b[33mError\u001b[39m(\u001b[32m`Connection refused on test: \"${description}\". Is the server running?`\u001b[39m)\u001b[33m;\u001b[39m\u001b[22m\n\u001b[2m     \u001b[90m  8 |\u001b[39m             }\u001b[22m\n\u001b[2m    \u001b[31m\u001b[1m>\u001b[22m\u001b[2m\u001b[39m\u001b[90m  9 |\u001b[39m             \u001b[36mthrow\u001b[39m \u001b[36mnew\u001b[39m \u001b[33mError\u001b[39m(\u001b[32m`An unexpected error occurred in test \"${description}\": ${error.message}`\u001b[39m)\u001b[33m;\u001b[39m\u001b[22m\n\u001b[2m     \u001b[90m    |\u001b[39m                   \u001b[31m\u001b[1m^\u001b[22m\u001b[2m\u001b[39m\u001b[22m\n\u001b[2m     \u001b[90m 10 |\u001b[39m         }\u001b[22m\n\u001b[2m     \u001b[90m 11 |\u001b[39m     })\u001b[33m;\u001b[39m\u001b[22m\n\u001b[2m     \u001b[90m 12 |\u001b[39m }\u001b[0m\u001b[22m\n\u001b[2m\u001b[22m\n\u001b[2m      \u001b[2mat Object.<anonymous> (\u001b[22m\u001b[2mtests/setup.js\u001b[2m:9:19)\u001b[22m\u001b[2m\u001b[22m\n\n\u001b[1m\u001b[31m  \u001b[1m● \u001b[22m\u001b[1mBase Tests -  › Route: /agentes -  › CREATE: Recebe status code 400 ao tentar criar agente com payload em formato incorreto\u001b[39m\u001b[22m\n\n    An unexpected error occurred in test \"CREATE: Recebe status code 400 ao tentar criar agente com payload em formato incorreto\": Cannot read properties of undefined (reading 'status')\n\u001b[2m\u001b[22m\n\u001b[2m    \u001b[0m \u001b[90m  7 |\u001b[39m                 \u001b[36mthrow\u001b[39m \u001b[36mnew\u001b[39m \u001b[33mError\u001b[39m(\u001b[32m`Connection refused on test: \"${description}\". Is the server running?`\u001b[39m)\u001b[33m;\u001b[39m\u001b[22m\n\u001b[2m     \u001b[90m  8 |\u001b[39m             }\u001b[22m\n\u001b[2m    \u001b[31m\u001b[1m>\u001b[22m\u001b[2m\u001b[39m\u001b[90m  9 |\u001b[39m             \u001b[36mthrow\u001b[39m \u001b[36mnew\u001b[39m \u001b[33mError\u001b[39m(\u001b[32m`An unexpected error occurred in test \"${description}\": ${error.message}`\u001b[39m)\u001b[33m;\u001b[39m\u001b[22m\n\u001b[2m     \u001b[90m    |\u001b[39m                   \u001b[31m\u001b[1m^\u001b[22m\u001b[2m\u001b[39m\u001b[22m\n\u001b[2m     \u001b[90m 10 |\u001b[39m         }\u001b[22m\n\u001b[2m     \u001b[90m 11 |\u001b[39m     })\u001b[33m;\u001b[39m\u001b[22m\n\u001b[2m     \u001b[90m 12 |\u001b[39m }\u001b[0m\u001b[22m\n\u001b[2m\u001b[22m\n\u001b[2m      \u001b[2mat Object.<anonymous> (\u001b[22m\u001b[2mtests/setup.js\u001b[2m:9:19)\u001b[22m\u001b[2m\u001b[22m\n\n\u001b[1m\u001b[31m  \u001b[1m● \u001b[22m\u001b[1mBase Tests -  › Route: /agentes -  › UPDATE: Recebe status code 400 ao tentar atualizar agente por completo com método PUT e payload em formato incorreto\u001b[39m\u001b[22m\n\n    An unexpected error occurred in test \"UPDATE: Recebe status code 400 ao tentar atualizar agente por completo com método PUT e payload em formato incorreto\": Cannot read properties of undefined (reading 'status')\n\u001b[2m\u001b[22m\n\u001b[2m    \u001b[0m \u001b[90m  7 |\u001b[39m                 \u001b[36mthrow\u001b[39m \u001b[36mnew\u001b[39m \u001b[33mError\u001b[39m(\u001b[32m`Connection refused on test: \"${description}\". Is the server running?`\u001b[39m)\u001b[33m;\u001b[39m\u001b[22m\n\u001b[2m     \u001b[90m  8 |\u001b[39m             }\u001b[22m\n\u001b[2m    \u001b[31m\u001b[1m>\u001b[22m\u001b[2m\u001b[39m\u001b[90m  9 |\u001b[39m             \u001b[36mthrow\u001b[39m \u001b[36mnew\u001b[39m \u001b[33mError\u001b[39m(\u001b[32m`An unexpected error occurred in test \"${description}\": ${error.message}`\u001b[39m)\u001b[33m;\u001b[39m\u001b[22m\n\u001b[2m     \u001b[90m    |\u001b[39m                   \u001b[31m\u001b[1m^\u001b[22m\u001b[2m\u001b[39m\u001b[22m\n\u001b[2m     \u001b[90m 10 |\u001b[39m         }\u001b[22m\n\u001b[2m     \u001b[90m 11 |\u001b[39m     })\u001b[33m;\u001b[39m\u001b[22m\n\u001b[2m     \u001b[90m 12 |\u001b[39m }\u001b[0m\u001b[22m\n\u001b[2m\u001b[22m\n\u001b[2m      \u001b[2mat Object.<anonymous> (\u001b[22m\u001b[2mtests/setup.js\u001b[2m:9:19)\u001b[22m\u001b[2m\u001b[22m\n\n\u001b[1m\u001b[31m  \u001b[1m● \u001b[22m\u001b[1mBase Tests -  › Route: /agentes -  › UPDATE: Recebe status code 404 ao tentar atualizar agente por completo com método PUT de agente inexistente\u001b[39m\u001b[22m\n\n    An unexpected error occurred in test \"UPDATE: Recebe status code 404 ao tentar atualizar agente por completo com método PUT de agente inexistente\": Cannot read properties of undefined (reading 'status')\n\u001b[2m\u001b[22m\n\u001b[2m    \u001b[0m \u001b[90m  7 |\u001b[39m                 \u001b[36mthrow\u001b[39m \u001b[36mnew\u001b[39m \u001b[33mError\u001b[39m(\u001b[32m`Connection refused on test: \"${description}\". Is the server running?`\u001b[39m)\u001b[33m;\u001b[39m\u001b[22m\n\u001b[2m     \u001b[90m  8 |\u001b[39m             }\u001b[22m\n\u001b[2m    \u001b[31m\u001b[1m>\u001b[22m\u001b[2m\u001b[39m\u001b[90m  9 |\u001b[39m             \u001b[36mthrow\u001b[39m \u001b[36mnew\u001b[39m \u001b[33mError\u001b[39m(\u001b[32m`An unexpected error occurred in test \"${description}\": ${error.message}`\u001b[39m)\u001b[33m;\u001b[39m\u001b[22m\n\u001b[2m     \u001b[90m    |\u001b[39m                   \u001b[31m\u001b[1m^\u001b[22m\u001b[2m\u001b[39m\u001b[22m\n\u001b[2m     \u001b[90m 10 |\u001b[39m         }\u001b[22m\n\u001b[2m     \u001b[90m 11 |\u001b[39m     })\u001b[33m;\u001b[39m\u001b[22m\n\u001b[2m     \u001b[90m 12 |\u001b[39m }\u001b[0m\u001b[22m\n\u001b[2m\u001b[22m\n\u001b[2m      \u001b[2mat Object.<anonymous> (\u001b[22m\u001b[2mtests/setup.js\u001b[2m:9:19)\u001b[22m\u001b[2m\u001b[22m\n\n\u001b[1m\u001b[31m  \u001b[1m● \u001b[22m\u001b[1mBase Tests -  › Route: /agentes -  › UPDATE: Recebe status code 400 ao tentar atualizar objeto parcialmente com método PATCH e payload em formato incorreto\u001b[39m\u001b[22m\n\n    An unexpected error occurred in test \"UPDATE: Recebe status code 400 ao tentar atualizar objeto parcialmente com método PATCH e payload em formato incorreto\": Cannot read properties of undefined (reading 'status')\n\u001b[2m\u001b[22m\n\u001b[2m    \u001b[0m \u001b[90m  7 |\u001b[39m                 \u001b[36mthrow\u001b[39m \u001b[36mnew\u001b[39m \u001b[33mError\u001b[39m(\u001b[32m`Connection refused on test: \"${description}\". Is the server running?`\u001b[39m)\u001b[33m;\u001b[39m\u001b[22m\n\u001b[2m     \u001b[90m  8 |\u001b[39m             }\u001b[22m\n\u001b[2m    \u001b[31m\u001b[1m>\u001b[22m\u001b[2m\u001b[39m\u001b[90m  9 |\u001b[39m             \u001b[36mthrow\u001b[39m \u001b[36mnew\u001b[39m \u001b[33mError\u001b[39m(\u001b[32m`An unexpected error occurred in test \"${description}\": ${error.message}`\u001b[39m)\u001b[33m;\u001b[39m\u001b[22m\n\u001b[2m     \u001b[90m    |\u001b[39m                   \u001b[31m\u001b[1m^\u001b[22m\u001b[2m\u001b[39m\u001b[22m\n\u001b[2m     \u001b[90m 10 |\u001b[39m         }\u001b[22m\n\u001b[2m     \u001b[90m 11 |\u001b[39m     })\u001b[33m;\u001b[39m\u001b[22m\n\u001b[2m     \u001b[90m 12 |\u001b[39m }\u001b[0m\u001b[22m\n\u001b[2m\u001b[22m\n\u001b[2m      \u001b[2mat Object.<anonymous> (\u001b[22m\u001b[2mtests/setup.js\u001b[2m:9:19)\u001b[22m\u001b[2m\u001b[22m\n\n\u001b[1m\u001b[31m  \u001b[1m● \u001b[22m\u001b[1mBase Tests -  › Route: /agentes -  › UPDATE: Recebe status code 404 ao tentar atualizar agente por parcialmente com método PATCH de agente inexistente\u001b[39m\u001b[22m\n\n    An unexpected error occurred in test \"UPDATE: Recebe status code 404 ao tentar atualizar agente por parcialmente com método PATCH de agente inexistente\": Cannot read properties of undefined (reading 'status')\n\u001b[2m\u001b[22m\n\u001b[2m    \u001b[0m \u001b[90m  7 |\u001b[39m                 \u001b[36mthrow\u001b[39m \u001b[36mnew\u001b[39m \u001b[33mError\u001b[39m(\u001b[32m`Connection refused on test: \"${description}\". Is the server running?`\u001b[39m)\u001b[33m;\u001b[39m\u001b[22m\n\u001b[2m     \u001b[90m  8 |\u001b[39m             }\u001b[22m\n\u001b[2m    \u001b[31m\u001b[1m>\u001b[22m\u001b[2m\u001b[39m\u001b[90m  9 |\u001b[39m             \u001b[36mthrow\u001b[39m \u001b[36mnew\u001b[39m \u001b[33mError\u001b[39m(\u001b[32m`An unexpected error occurred in test \"${description}\": ${error.message}`\u001b[39m)\u001b[33m;\u001b[39m\u001b[22m\n\u001b[2m     \u001b[90m    |\u001b[39m                   \u001b[31m\u001b[1m^\u001b[22m\u001b[2m\u001b[39m\u001b[22m\n\u001b[2m     \u001b[90m 10 |\u001b[39m         }\u001b[22m\n\u001b[2m     \u001b[90m 11 |\u001b[39m     })\u001b[33m;\u001b[39m\u001b[22m\n\u001b[2m     \u001b[90m 12 |\u001b[39m }\u001b[0m\u001b[22m\n\u001b[2m\u001b[22m\n\u001b[2m      \u001b[2mat Object.<anonymous> (\u001b[22m\u001b[2mtests/setup.js\u001b[2m:9:19)\u001b[22m\u001b[2m\u001b[22m\n\n\u001b[1m\u001b[31m  \u001b[1m● \u001b[22m\u001b[1mBase Tests -  › Route: /casos -  › DELETE: Deleta dados de um caso corretamente\u001b[39m\u001b[22m\n\n    An unexpected error occurred in test \"DELETE: Deleta dados de um caso corretamente\": \u001b[2mexpect(\u001b[22m\u001b[31mreceived\u001b[39m\u001b[2m).\u001b[22mrejects\u001b[2m.\u001b[22mtoThrow\u001b[2m(\u001b[22m\u001b[32mexpected\u001b[39m\u001b[2m)\u001b[22m\n\n    Expected substring: \u001b[32m\"API error in test \\\"Deleta dados de um caso corretamente\\\": 404 Not Found\"\u001b[39m\n    Received message:   \u001b[31m\"Request failed with status code 404\"\u001b[39m\n\n        \u001b[0m \u001b[90m 291 |\u001b[39m             expect(response\u001b[33m.\u001b[39mdata)\u001b[33m.\u001b[39mtoBeFalsy()\u001b[33m;\u001b[39m\n         \u001b[90m 292 |\u001b[39m\n        \u001b[31m\u001b[1m>\u001b[22m\u001b[39m\u001b[90m 293 |\u001b[39m             \u001b[36mawait\u001b[39m expect(axios\u001b[33m.\u001b[39m\u001b[36mget\u001b[39m(\u001b[32m`${BASE_URL}/casos/${createdCaseId}`\u001b[39m))\u001b[33m.\u001b[39mrejects\u001b[33m.\u001b[39mtoThrow(\u001b[32m'API error in test \"Deleta dados de um caso corretamente\": 404 Not Found'\u001b[39m)\u001b[33m;\u001b[39m\n         \u001b[90m     |\u001b[39m             \u001b[31m\u001b[1m^\u001b[22m\u001b[39m\n         \u001b[90m 294 |\u001b[39m\n         \u001b[90m 295 |\u001b[39m             \u001b[90m// Nullify the ID to prevent afterEach from trying to delete it again\u001b[39m\n         \u001b[90m 296 |\u001b[39m             createdCaseId \u001b[33m=\u001b[39m \u001b[36mnull\u001b[39m\u001b[33m;\u001b[39m\u001b[0m\n\n          \u001b[2mat settle (\u001b[22mnode_modules/axios/lib/core/settle.js\u001b[2m:19:12)\u001b[22m\n          \u001b[2mat IncomingMessage.handleStreamEnd (\u001b[22mnode_modules/axios/lib/adapters/http.js\u001b[2m:599:11)\u001b[22m\n          \u001b[2mat Axios.request (\u001b[22mnode_modules/axios/lib/core/Axios.js\u001b[2m:45:41)\u001b[22m\n          \u001b[2mat \u001b[22mtests/__tests__/base.test.js\u001b[2m:293:13\u001b[22m\n          \u001b[2mat Object.<anonymous> (\u001b[22mtests/setup.js\u001b[2m:4:13)\u001b[22m\n\u001b[2m\u001b[22m\n\u001b[2m    \u001b[0m \u001b[90m  7 |\u001b[39m                 \u001b[36mthrow\u001b[39m \u001b[36mnew\u001b[39m \u001b[33mError\u001b[39m(\u001b[32m`Connection refused on test: \"${description}\". Is the server running?`\u001b[39m)\u001b[33m;\u001b[39m\u001b[22m\n\u001b[2m     \u001b[90m  8 |\u001b[39m             }\u001b[22m\n\u001b[2m    \u001b[31m\u001b[1m>\u001b[22m\u001b[2m\u001b[39m\u001b[90m  9 |\u001b[39m             \u001b[36mthrow\u001b[39m \u001b[36mnew\u001b[39m \u001b[33mError\u001b[39m(\u001b[32m`An unexpected error occurred in test \"${description}\": ${error.message}`\u001b[39m)\u001b[33m;\u001b[39m\u001b[22m\n\u001b[2m     \u001b[90m    |\u001b[39m                   \u001b[31m\u001b[1m^\u001b[22m\u001b[2m\u001b[39m\u001b[22m\n\u001b[2m     \u001b[90m 10 |\u001b[39m         }\u001b[22m\n\u001b[2m     \u001b[90m 11 |\u001b[39m     })\u001b[33m;\u001b[39m\u001b[22m\n\u001b[2m     \u001b[90m 12 |\u001b[39m }\u001b[0m\u001b[22m\n\u001b[2m\u001b[22m\n\u001b[2m      \u001b[2mat Object.<anonymous> (\u001b[22m\u001b[2mtests/setup.js\u001b[2m:9:19)\u001b[22m\u001b[2m\u001b[22m\n\n\u001b[1m\u001b[31m  \u001b[1m● \u001b[22m\u001b[1mBase Tests -  › Route: /casos -  › CREATE: Recebe status code 404 ao tentar criar caso com id de agente inválido/inexistente\u001b[39m\u001b[22m\n\n    An unexpected error occurred in test \"CREATE: Recebe status code 404 ao tentar criar caso com id de agente inválido/inexistente\": Cannot read properties of undefined (reading 'status')\n\u001b[2m\u001b[22m\n\u001b[2m    \u001b[0m \u001b[90m  7 |\u001b[39m                 \u001b[36mthrow\u001b[39m \u001b[36mnew\u001b[39m \u001b[33mError\u001b[39m(\u001b[32m`Connection refused on test: \"${description}\". Is the server running?`\u001b[39m)\u001b[33m;\u001b[39m\u001b[22m\n\u001b[2m     \u001b[90m  8 |\u001b[39m             }\u001b[22m\n\u001b[2m    \u001b[31m\u001b[1m>\u001b[22m\u001b[2m\u001b[39m\u001b[90m  9 |\u001b[39m             \u001b[36mthrow\u001b[39m \u001b[36mnew\u001b[39m \u001b[33mError\u001b[39m(\u001b[32m`An unexpected error occurred in test \"${description}\": ${error.message}`\u001b[39m)\u001b[33m;\u001b[39m\u001b[22m\n\u001b[2m     \u001b[90m    |\u001b[39m                   \u001b[31m\u001b[1m^\u001b[22m\u001b[2m\u001b[39m\u001b[22m\n\u001b[2m     \u001b[90m 10 |\u001b[39m         }\u001b[22m\n\u001b[2m     \u001b[90m 11 |\u001b[39m     })\u001b[33m;\u001b[39m\u001b[22m\n\u001b[2m     \u001b[90m 12 |\u001b[39m }\u001b[0m\u001b[22m\n\u001b[2m\u001b[22m\n\u001b[2m      \u001b[2mat Object.<anonymous> (\u001b[22m\u001b[2mtests/setup.js\u001b[2m:9:19)\u001b[22m\u001b[2m\u001b[22m\n\n\u001b[1m\u001b[31m  \u001b[1m● \u001b[22m\u001b[1mBase Tests -  › Route: /casos -  › UPDATE: Recebe status code 404 ao tentar atualizar um caso por completo com método PUT de um caso inexistente\u001b[39m\u001b[22m\n\n    An unexpected error occurred in test \"UPDATE: Recebe status code 404 ao tentar atualizar um caso por completo com método PUT de um caso inexistente\": Cannot read properties of undefined (reading 'status')\n\u001b[2m\u001b[22m\n\u001b[2m    \u001b[0m \u001b[90m  7 |\u001b[39m                 \u001b[36mthrow\u001b[39m \u001b[36mnew\u001b[39m \u001b[33mError\u001b[39m(\u001b[32m`Connection refused on test: \"${description}\". Is the server running?`\u001b[39m)\u001b[33m;\u001b[39m\u001b[22m\n\u001b[2m     \u001b[90m  8 |\u001b[39m             }\u001b[22m\n\u001b[2m    \u001b[31m\u001b[1m>\u001b[22m\u001b[2m\u001b[39m\u001b[90m  9 |\u001b[39m             \u001b[36mthrow\u001b[39m \u001b[36mnew\u001b[39m \u001b[33mError\u001b[39m(\u001b[32m`An unexpected error occurred in test \"${description}\": ${error.message}`\u001b[39m)\u001b[33m;\u001b[39m\u001b[22m\n\u001b[2m     \u001b[90m    |\u001b[39m                   \u001b[31m\u001b[1m^\u001b[22m\u001b[2m\u001b[39m\u001b[22m\n\u001b[2m     \u001b[90m 10 |\u001b[39m         }\u001b[22m\n\u001b[2m     \u001b[90m 11 |\u001b[39m     })\u001b[33m;\u001b[39m\u001b[22m\n\u001b[2m     \u001b[90m 12 |\u001b[39m }\u001b[0m\u001b[22m\n\u001b[2m\u001b[22m\n\u001b[2m      \u001b[2mat Object.<anonymous> (\u001b[22m\u001b[2mtests/setup.js\u001b[2m:9:19)\u001b[22m\u001b[2m\u001b[22m\n\n\u001b[1m\u001b[31m  \u001b[1m● \u001b[22m\u001b[1mBase Tests -  › Route: /casos -  › UPDATE: Recebe status code 404 ao tentar atualizar um caso parcialmente com método PATCH de um caso inexistente\u001b[39m\u001b[22m\n\n    An unexpected error occurred in test \"UPDATE: Recebe status code 404 ao tentar atualizar um caso parcialmente com método PATCH de um caso inexistente\": Cannot read properties of undefined (reading 'status')\n\u001b[2m\u001b[22m\n\u001b[2m    \u001b[0m \u001b[90m  7 |\u001b[39m                 \u001b[36mthrow\u001b[39m \u001b[36mnew\u001b[39m \u001b[33mError\u001b[39m(\u001b[32m`Connection refused on test: \"${description}\". Is the server running?`\u001b[39m)\u001b[33m;\u001b[39m\u001b[22m\n\u001b[2m     \u001b[90m  8 |\u001b[39m             }\u001b[22m\n\u001b[2m    \u001b[31m\u001b[1m>\u001b[22m\u001b[2m\u001b[39m\u001b[90m  9 |\u001b[39m             \u001b[36mthrow\u001b[39m \u001b[36mnew\u001b[39m \u001b[33mError\u001b[39m(\u001b[32m`An unexpected error occurred in test \"${description}\": ${error.message}`\u001b[39m)\u001b[33m;\u001b[39m\u001b[22m\n\u001b[2m     \u001b[90m    |\u001b[39m                   \u001b[31m\u001b[1m^\u001b[22m\u001b[2m\u001b[39m\u001b[22m\n\u001b[2m     \u001b[90m 10 |\u001b[39m         }\u001b[22m\n\u001b[2m     \u001b[90m 11 |\u001b[39m     })\u001b[33m;\u001b[39m\u001b[22m\n\u001b[2m     \u001b[90m 12 |\u001b[39m }\u001b[0m\u001b[22m\n\u001b[2m\u001b[22m\n\u001b[2m      \u001b[2mat Object.<anonymous> (\u001b[22m\u001b[2mtests/setup.js\u001b[2m:9:19)\u001b[22m\u001b[2m\u001b[22m\n","name":"/home/gnvr/Desktop/Autograder/autograder/tests/__tests__/base.test.js","startTime":1752684123143,"status":"failed","summary":""},{"assertionResults":[{"ancestorTitles":["Bonus Tests - ","Simple Filtering:"],"duration":41,"failing":false,"failureDetails":[{}],"failureMessages":["Error: An unexpected error occurred in test \"Simple Filtering: Estudante implementou endpoint de filtragem de caso por status corretamente\": \u001b[2mexpect(\u001b[22m\u001b[31mreceived\u001b[39m\u001b[2m).\u001b[22mtoBe\u001b[2m(\u001b[22m\u001b[32mexpected\u001b[39m\u001b[2m) // Object.is equality\u001b[22m\n\nExpected: \u001b[32m\"\u001b[7mabert\u001b[27mo\"\u001b[39m\nReceived: \u001b[31m\"\u001b[7msolucionad\u001b[27mo\"\u001b[39m\n    at Object.<anonymous> (/home/gnvr/Desktop/Autograder/autograder/tests/setup.js:9:19)\n    at processTicksAndRejections (node:internal/process/task_queues:105:5)"],"fullName":"Bonus Tests -  Simple Filtering: Simple Filtering: Estudante implementou endpoint de filtragem de caso por status corretamente","invocations":1,"location":null,"numPassingAsserts":6,"retryReasons":[],"startAt":1752684124440,"status":"failed","title":"Simple Filtering: Estudante implementou endpoint de filtragem de caso por status corretamente"},{"ancestorTitles":["Bonus Tests - ","Simple Filtering:"],"duration":29,"failing":false,"failureDetails":[{}],"failureMessages":["Error: An unexpected error occurred in test \"Simple Filtering: Estudante implementou endpoint de filtragem de caso por agente corretamente\": \u001b[2mexpect(\u001b[22m\u001b[31mreceived\u001b[39m\u001b[2m).\u001b[22mtoBe\u001b[2m(\u001b[22m\u001b[32mexpected\u001b[39m\u001b[2m) // Object.is equality\u001b[22m\n\nExpected: \u001b[32m\"2b879804-ede5-48be-af8a-7159c5af82ff\"\u001b[39m\nReceived: \u001b[31m\"ab84aff2-3a60-493d-8fce-564ef55ba2c0\"\u001b[39m\n    at Object.<anonymous> (/home/gnvr/Desktop/Autograder/autograder/tests/setup.js:9:19)\n    at processTicksAndRejections (node:internal/process/task_queues:105:5)"],"fullName":"Bonus Tests -  Simple Filtering: Simple Filtering: Estudante implementou endpoint de filtragem de caso por agente corretamente","invocations":1,"location":null,"numPassingAsserts":2,"retryReasons":[],"startAt":1752684124483,"status":"failed","title":"Simple Filtering: Estudante implementou endpoint de filtragem de caso por agente corretamente"},{"ancestorTitles":["Bonus Tests - ","Simple Filtering:"],"duration":27,"failing":false,"failureDetails":[{}],"failureMessages":["Error: An unexpected error occurred in test \"Simple Filtering: Estudante implementou endpoint de filtragem de casos por keywords no título e/ou descrição\": \u001b[2mexpect(\u001b[22m\u001b[31mreceived\u001b[39m\u001b[2m).\u001b[22mtoBe\u001b[2m(\u001b[22m\u001b[32mexpected\u001b[39m\u001b[2m) // Object.is equality\u001b[22m\n\nExpected: \u001b[32mtrue\u001b[39m\nReceived: \u001b[31mfalse\u001b[39m\n    at Object.<anonymous> (/home/gnvr/Desktop/Autograder/autograder/tests/setup.js:9:19)\n    at processTicksAndRejections (node:internal/process/task_queues:105:5)"],"fullName":"Bonus Tests -  Simple Filtering: Simple Filtering: Estudante implementou endpoint de filtragem de casos por keywords no título e/ou descrição","invocations":1,"location":null,"numPassingAsserts":2,"retryReasons":[],"startAt":1752684124513,"status":"failed","title":"Simple Filtering: Estudante implementou endpoint de filtragem de casos por keywords no título e/ou descrição"},{"ancestorTitles":["Bonus Tests - ","Complex Filtering:"],"duration":36,"failing":false,"failureDetails":[{}],"failureMessages":["Error: An unexpected error occurred in test \"Complex Filtering: Estudante implementou endpoint de filtragem de agente por data de incorporacao com sorting em ordem crescente corretamente\": \u001b[2mexpect(\u001b[22m\u001b[31mreceived\u001b[39m\u001b[2m).\u001b[22mtoMatchObject\u001b[2m(\u001b[22m\u001b[32mexpected\u001b[39m\u001b[2m)\u001b[22m\n\n\u001b[32m- Expected  - 4\u001b[39m\n\u001b[31m+ Received  + 4\u001b[39m\n\n\u001b[2m  Object {\u001b[22m\n\u001b[32m-   \"cargo\": \"Coronel\",\u001b[39m\n\u001b[32m-   \"dataDeIncorporacao\": \"1975-03-21\",\u001b[39m\n\u001b[32m-   \"id\": \"2aa392ad-36eb-44c6-b872-990770a68f6d\",\u001b[39m\n\u001b[32m-   \"nome\": \"Ednilson\",\u001b[39m\n\u001b[31m+   \"cargo\": \"Delegado\",\u001b[39m\n\u001b[31m+   \"dataDeIncorporacao\": \"2024-08-15\",\u001b[39m\n\u001b[31m+   \"id\": \"39997b29-5f4c-4048-843c-19066b14e5d7\",\u001b[39m\n\u001b[31m+   \"nome\": \"Sophie\",\u001b[39m\n\u001b[2m  }\u001b[22m\n    at Object.<anonymous> (/home/gnvr/Desktop/Autograder/autograder/tests/setup.js:9:19)\n    at processTicksAndRejections (node:internal/process/task_queues:105:5)"],"fullName":"Bonus Tests -  Complex Filtering: Complex Filtering: Estudante implementou endpoint de filtragem de agente por data de incorporacao com sorting em ordem crescente corretamente","invocations":1,"location":null,"numPassingAsserts":1,"retryReasons":[],"startAt":1752684124541,"status":"failed","title":"Complex Filtering: Estudante implementou endpoint de filtragem de agente por data de incorporacao com sorting em ordem crescente corretamente"},{"ancestorTitles":["Bonus Tests - ","Complex Filtering:"],"duration":30,"failing":false,"failureDetails":[{}],"failureMessages":["Error: An unexpected error occurred in test \"Complex Filtering: Estudante implementou endpoint de filtragem de agente por data de incorporacao com sorting em ordem decrescente corretamente\": \u001b[2mexpect(\u001b[22m\u001b[31mreceived\u001b[39m\u001b[2m).\u001b[22mtoMatchObject\u001b[2m(\u001b[22m\u001b[32mexpected\u001b[39m\u001b[2m)\u001b[22m\n\n\u001b[32m- Expected  - 4\u001b[39m\n\u001b[31m+ Received  + 4\u001b[39m\n\n\u001b[2m  Object {\u001b[22m\n\u001b[32m-   \"cargo\": \"Soldado\",\u001b[39m\n\u001b[32m-   \"dataDeIncorporacao\": \"2025-07-16\",\u001b[39m\n\u001b[32m-   \"id\": \"fea936a7-ec5d-4e48-8b4c-c02d0e6300c1\",\u001b[39m\n\u001b[32m-   \"nome\": \"Enzo\",\u001b[39m\n\u001b[31m+   \"cargo\": \"Delegado\",\u001b[39m\n\u001b[31m+   \"dataDeIncorporacao\": \"2024-08-15\",\u001b[39m\n\u001b[31m+   \"id\": \"39997b29-5f4c-4048-843c-19066b14e5d7\",\u001b[39m\n\u001b[31m+   \"nome\": \"Sophie\",\u001b[39m\n\u001b[2m  }\u001b[22m\n    at Object.<anonymous> (/home/gnvr/Desktop/Autograder/autograder/tests/setup.js:9:19)\n    at processTicksAndRejections (node:internal/process/task_queues:105:5)"],"fullName":"Bonus Tests -  Complex Filtering: Complex Filtering: Estudante implementou endpoint de filtragem de agente por data de incorporacao com sorting em ordem decrescente corretamente","invocations":1,"location":null,"numPassingAsserts":1,"retryReasons":[],"startAt":1752684124578,"status":"failed","title":"Complex Filtering: Estudante implementou endpoint de filtragem de agente por data de incorporacao com sorting em ordem decrescente corretamente"},{"ancestorTitles":["Bonus Tests - ","Custom Error:"],"duration":143,"failing":false,"failureDetails":[{}],"failureMessages":["Error: An unexpected error occurred in test \"Custom Error: Estudante implementou mensagens de erro customizadas para argumentos de agente inválidos corretamente\": \u001b[2mexpect(\u001b[22m\u001b[31mreceived\u001b[39m\u001b[2m).\u001b[22mtoBe\u001b[2m(\u001b[22m\u001b[32mexpected\u001b[39m\u001b[2m) // Object.is equality\u001b[22m\n\nExpected: \u001b[32m400\u001b[39m\nReceived: \u001b[31mundefined\u001b[39m\n    at Object.<anonymous> (/home/gnvr/Desktop/Autograder/autograder/tests/setup.js:9:19)\n    at processTicksAndRejections (node:internal/process/task_queues:105:5)"],"fullName":"Bonus Tests -  Custom Error: Custom Error: Estudante implementou mensagens de erro customizadas para argumentos de agente inválidos corretamente","invocations":1,"location":null,"numPassingAsserts":1,"retryReasons":[],"startAt":1752684124609,"status":"failed","title":"Custom Error: Estudante implementou mensagens de erro customizadas para argumentos de agente inválidos corretamente"},{"ancestorTitles":["Bonus Tests - ","Custom Error:"],"duration":29,"failing":false,"failureDetails":[{}],"failureMessages":["Error: An unexpected error occurred in test \"Custom Error: Estudante implementou mensagens de erro customizadas para argumentos de caso inválidos corretamente\": Cannot read properties of undefined (reading 'status')\n    at Object.<anonymous> (/home/gnvr/Desktop/Autograder/autograder/tests/setup.js:9:19)\n    at processTicksAndRejections (node:internal/process/task_queues:105:5)"],"fullName":"Bonus Tests -  Custom Error: Custom Error: Estudante implementou mensagens de erro customizadas para argumentos de caso inválidos corretamente","invocations":1,"location":null,"numPassingAsserts":0,"retryReasons":[],"startAt":1752684124753,"status":"failed","title":"Custom Error: Estudante implementou mensagens de erro customizadas para argumentos de caso inválidos corretamente"}],"endTime":1752684124792,"message":"\u001b[1m\u001b[31m  \u001b[1m● \u001b[22m\u001b[1mBonus Tests -  › Simple Filtering: › Simple Filtering: Estudante implementou endpoint de filtragem de caso por status corretamente\u001b[39m\u001b[22m\n\n    An unexpected error occurred in test \"Simple Filtering: Estudante implementou endpoint de filtragem de caso por status corretamente\": \u001b[2mexpect(\u001b[22m\u001b[31mreceived\u001b[39m\u001b[2m).\u001b[22mtoBe\u001b[2m(\u001b[22m\u001b[32mexpected\u001b[39m\u001b[2m) // Object.is equality\u001b[22m\n\n    Expected: \u001b[32m\"\u001b[7mabert\u001b[27mo\"\u001b[39m\n    Received: \u001b[31m\"\u001b[7msolucionad\u001b[27mo\"\u001b[39m\n\u001b[2m\u001b[22m\n\u001b[2m    \u001b[0m \u001b[90m  7 |\u001b[39m                 \u001b[36mthrow\u001b[39m \u001b[36mnew\u001b[39m \u001b[33mError\u001b[39m(\u001b[32m`Connection refused on test: \"${description}\". Is the server running?`\u001b[39m)\u001b[33m;\u001b[39m\u001b[22m\n\u001b[2m     \u001b[90m  8 |\u001b[39m             }\u001b[22m\n\u001b[2m    \u001b[31m\u001b[1m>\u001b[22m\u001b[2m\u001b[39m\u001b[90m  9 |\u001b[39m             \u001b[36mthrow\u001b[39m \u001b[36mnew\u001b[39m \u001b[33mError\u001b[39m(\u001b[32m`An unexpected error occurred in test \"${description}\": ${error.message}`\u001b[39m)\u001b[33m;\u001b[39m\u001b[22m\n\u001b[2m     \u001b[90m    |\u001b[39m                   \u001b[31m\u001b[1m^\u001b[22m\u001b[2m\u001b[39m\u001b[22m\n\u001b[2m     \u001b[90m 10 |\u001b[39m         }\u001b[22m\n\u001b[2m     \u001b[90m 11 |\u001b[39m     })\u001b[33m;\u001b[39m\u001b[22m\n\u001b[2m     \u001b[90m 12 |\u001b[39m }\u001b[0m\u001b[22m\n\u001b[2m\u001b[22m\n\u001b[2m      \u001b[2mat Object.<anonymous> (\u001b[22m\u001b[2mtests/setup.js\u001b[2m:9:19)\u001b[22m\u001b[2m\u001b[22m\n\n\u001b[1m\u001b[31m  \u001b[1m● \u001b[22m\u001b[1mBonus Tests -  › Simple Filtering: › Simple Filtering: Estudante implementou endpoint de filtragem de caso por agente corretamente\u001b[39m\u001b[22m\n\n    An unexpected error occurred in test \"Simple Filtering: Estudante implementou endpoint de filtragem de caso por agente corretamente\": \u001b[2mexpect(\u001b[22m\u001b[31mreceived\u001b[39m\u001b[2m).\u001b[22mtoBe\u001b[2m(\u001b[22m\u001b[32mexpected\u001b[39m\u001b[2m) // Object.is equality\u001b[22m\n\n    Expected: \u001b[32m\"2b879804-ede5-48be-af8a-7159c5af82ff\"\u001b[39m\n    Received: \u001b[31m\"ab84aff2-3a60-493d-8fce-564ef55ba2c0\"\u001b[39m\n\u001b[2m\u001b[22m\n\u001b[2m    \u001b[0m \u001b[90m  7 |\u001b[39m                 \u001b[36mthrow\u001b[39m \u001b[36mnew\u001b[39m \u001b[33mError\u001b[39m(\u001b[32m`Connection refused on test: \"${description}\". Is the server running?`\u001b[39m)\u001b[33m;\u001b[39m\u001b[22m\n\u001b[2m     \u001b[90m  8 |\u001b[39m             }\u001b[22m\n\u001b[2m    \u001b[31m\u001b[1m>\u001b[22m\u001b[2m\u001b[39m\u001b[90m  9 |\u001b[39m             \u001b[36mthrow\u001b[39m \u001b[36mnew\u001b[39m \u001b[33mError\u001b[39m(\u001b[32m`An unexpected error occurred in test \"${description}\": ${error.message}`\u001b[39m)\u001b[33m;\u001b[39m\u001b[22m\n\u001b[2m     \u001b[90m    |\u001b[39m                   \u001b[31m\u001b[1m^\u001b[22m\u001b[2m\u001b[39m\u001b[22m\n\u001b[2m     \u001b[90m 10 |\u001b[39m         }\u001b[22m\n\u001b[2m     \u001b[90m 11 |\u001b[39m     })\u001b[33m;\u001b[39m\u001b[22m\n\u001b[2m     \u001b[90m 12 |\u001b[39m }\u001b[0m\u001b[22m\n\u001b[2m\u001b[22m\n\u001b[2m      \u001b[2mat Object.<anonymous> (\u001b[22m\u001b[2mtests/setup.js\u001b[2m:9:19)\u001b[22m\u001b[2m\u001b[22m\n\n\u001b[1m\u001b[31m  \u001b[1m● \u001b[22m\u001b[1mBonus Tests -  › Simple Filtering: › Simple Filtering: Estudante implementou endpoint de filtragem de casos por keywords no título e/ou descrição\u001b[39m\u001b[22m\n\n    An unexpected error occurred in test \"Simple Filtering: Estudante implementou endpoint de filtragem de casos por keywords no título e/ou descrição\": \u001b[2mexpect(\u001b[22m\u001b[31mreceived\u001b[39m\u001b[2m).\u001b[22mtoBe\u001b[2m(\u001b[22m\u001b[32mexpected\u001b[39m\u001b[2m) // Object.is equality\u001b[22m\n\n    Expected: \u001b[32mtrue\u001b[39m\n    Received: \u001b[31mfalse\u001b[39m\n\u001b[2m\u001b[22m\n\u001b[2m    \u001b[0m \u001b[90m  7 |\u001b[39m                 \u001b[36mthrow\u001b[39m \u001b[36mnew\u001b[39m \u001b[33mError\u001b[39m(\u001b[32m`Connection refused on test: \"${description}\". Is the server running?`\u001b[39m)\u001b[33m;\u001b[39m\u001b[22m\n\u001b[2m     \u001b[90m  8 |\u001b[39m             }\u001b[22m\n\u001b[2m    \u001b[31m\u001b[1m>\u001b[22m\u001b[2m\u001b[39m\u001b[90m  9 |\u001b[39m             \u001b[36mthrow\u001b[39m \u001b[36mnew\u001b[39m \u001b[33mError\u001b[39m(\u001b[32m`An unexpected error occurred in test \"${description}\": ${error.message}`\u001b[39m)\u001b[33m;\u001b[39m\u001b[22m\n\u001b[2m     \u001b[90m    |\u001b[39m                   \u001b[31m\u001b[1m^\u001b[22m\u001b[2m\u001b[39m\u001b[22m\n\u001b[2m     \u001b[90m 10 |\u001b[39m         }\u001b[22m\n\u001b[2m     \u001b[90m 11 |\u001b[39m     })\u001b[33m;\u001b[39m\u001b[22m\n\u001b[2m     \u001b[90m 12 |\u001b[39m }\u001b[0m\u001b[22m\n\u001b[2m\u001b[22m\n\u001b[2m      \u001b[2mat Object.<anonymous> (\u001b[22m\u001b[2mtests/setup.js\u001b[2m:9:19)\u001b[22m\u001b[2m\u001b[22m\n\n\u001b[1m\u001b[31m  \u001b[1m● \u001b[22m\u001b[1mBonus Tests -  › Complex Filtering: › Complex Filtering: Estudante implementou endpoint de filtragem de agente por data de incorporacao com sorting em ordem crescente corretamente\u001b[39m\u001b[22m\n\n    An unexpected error occurred in test \"Complex Filtering: Estudante implementou endpoint de filtragem de agente por data de incorporacao com sorting em ordem crescente corretamente\": \u001b[2mexpect(\u001b[22m\u001b[31mreceived\u001b[39m\u001b[2m).\u001b[22mtoMatchObject\u001b[2m(\u001b[22m\u001b[32mexpected\u001b[39m\u001b[2m)\u001b[22m\n\n    \u001b[32m- Expected  - 4\u001b[39m\n    \u001b[31m+ Received  + 4\u001b[39m\n\n    \u001b[2m  Object {\u001b[22m\n    \u001b[32m-   \"cargo\": \"Coronel\",\u001b[39m\n    \u001b[32m-   \"dataDeIncorporacao\": \"1975-03-21\",\u001b[39m\n    \u001b[32m-   \"id\": \"2aa392ad-36eb-44c6-b872-990770a68f6d\",\u001b[39m\n    \u001b[32m-   \"nome\": \"Ednilson\",\u001b[39m\n    \u001b[31m+   \"cargo\": \"Delegado\",\u001b[39m\n    \u001b[31m+   \"dataDeIncorporacao\": \"2024-08-15\",\u001b[39m\n    \u001b[31m+   \"id\": \"39997b29-5f4c-4048-843c-19066b14e5d7\",\u001b[39m\n    \u001b[31m+   \"nome\": \"Sophie\",\u001b[39m\n    \u001b[2m  }\u001b[22m\n\u001b[2m\u001b[22m\n\u001b[2m    \u001b[0m \u001b[90m  7 |\u001b[39m                 \u001b[36mthrow\u001b[39m \u001b[36mnew\u001b[39m \u001b[33mError\u001b[39m(\u001b[32m`Connection refused on test: \"${description}\". Is the server running?`\u001b[39m)\u001b[33m;\u001b[39m\u001b[22m\n\u001b[2m     \u001b[90m  8 |\u001b[39m             }\u001b[22m\n\u001b[2m    \u001b[31m\u001b[1m>\u001b[22m\u001b[2m\u001b[39m\u001b[90m  9 |\u001b[39m             \u001b[36mthrow\u001b[39m \u001b[36mnew\u001b[39m \u001b[33mError\u001b[39m(\u001b[32m`An unexpected error occurred in test \"${description}\": ${error.message}`\u001b[39m)\u001b[33m;\u001b[39m\u001b[22m\n\u001b[2m     \u001b[90m    |\u001b[39m                   \u001b[31m\u001b[1m^\u001b[22m\u001b[2m\u001b[39m\u001b[22m\n\u001b[2m     \u001b[90m 10 |\u001b[39m         }\u001b[22m\n\u001b[2m     \u001b[90m 11 |\u001b[39m     })\u001b[33m;\u001b[39m\u001b[22m\n\u001b[2m     \u001b[90m 12 |\u001b[39m }\u001b[0m\u001b[22m\n\u001b[2m\u001b[22m\n\u001b[2m      \u001b[2mat Object.<anonymous> (\u001b[22m\u001b[2mtests/setup.js\u001b[2m:9:19)\u001b[22m\u001b[2m\u001b[22m\n\n\u001b[1m\u001b[31m  \u001b[1m● \u001b[22m\u001b[1mBonus Tests -  › Complex Filtering: › Complex Filtering: Estudante implementou endpoint de filtragem de agente por data de incorporacao com sorting em ordem decrescente corretamente\u001b[39m\u001b[22m\n\n    An unexpected error occurred in test \"Complex Filtering: Estudante implementou endpoint de filtragem de agente por data de incorporacao com sorting em ordem decrescente corretamente\": \u001b[2mexpect(\u001b[22m\u001b[31mreceived\u001b[39m\u001b[2m).\u001b[22mtoMatchObject\u001b[2m(\u001b[22m\u001b[32mexpected\u001b[39m\u001b[2m)\u001b[22m\n\n    \u001b[32m- Expected  - 4\u001b[39m\n    \u001b[31m+ Received  + 4\u001b[39m\n\n    \u001b[2m  Object {\u001b[22m\n    \u001b[32m-   \"cargo\": \"Soldado\",\u001b[39m\n    \u001b[32m-   \"dataDeIncorporacao\": \"2025-07-16\",\u001b[39m\n    \u001b[32m-   \"id\": \"fea936a7-ec5d-4e48-8b4c-c02d0e6300c1\",\u001b[39m\n    \u001b[32m-   \"nome\": \"Enzo\",\u001b[39m\n    \u001b[31m+   \"cargo\": \"Delegado\",\u001b[39m\n    \u001b[31m+   \"dataDeIncorporacao\": \"2024-08-15\",\u001b[39m\n    \u001b[31m+   \"id\": \"39997b29-5f4c-4048-843c-19066b14e5d7\",\u001b[39m\n    \u001b[31m+   \"nome\": \"Sophie\",\u001b[39m\n    \u001b[2m  }\u001b[22m\n\u001b[2m\u001b[22m\n\u001b[2m    \u001b[0m \u001b[90m  7 |\u001b[39m                 \u001b[36mthrow\u001b[39m \u001b[36mnew\u001b[39m \u001b[33mError\u001b[39m(\u001b[32m`Connection refused on test: \"${description}\". Is the server running?`\u001b[39m)\u001b[33m;\u001b[39m\u001b[22m\n\u001b[2m     \u001b[90m  8 |\u001b[39m             }\u001b[22m\n\u001b[2m    \u001b[31m\u001b[1m>\u001b[22m\u001b[2m\u001b[39m\u001b[90m  9 |\u001b[39m             \u001b[36mthrow\u001b[39m \u001b[36mnew\u001b[39m \u001b[33mError\u001b[39m(\u001b[32m`An unexpected error occurred in test \"${description}\": ${error.message}`\u001b[39m)\u001b[33m;\u001b[39m\u001b[22m\n\u001b[2m     \u001b[90m    |\u001b[39m                   \u001b[31m\u001b[1m^\u001b[22m\u001b[2m\u001b[39m\u001b[22m\n\u001b[2m     \u001b[90m 10 |\u001b[39m         }\u001b[22m\n\u001b[2m     \u001b[90m 11 |\u001b[39m     })\u001b[33m;\u001b[39m\u001b[22m\n\u001b[2m     \u001b[90m 12 |\u001b[39m }\u001b[0m\u001b[22m\n\u001b[2m\u001b[22m\n\u001b[2m      \u001b[2mat Object.<anonymous> (\u001b[22m\u001b[2mtests/setup.js\u001b[2m:9:19)\u001b[22m\u001b[2m\u001b[22m\n\n\u001b[1m\u001b[31m  \u001b[1m● \u001b[22m\u001b[1mBonus Tests -  › Custom Error: › Custom Error: Estudante implementou mensagens de erro customizadas para argumentos de agente inválidos corretamente\u001b[39m\u001b[22m\n\n    An unexpected error occurred in test \"Custom Error: Estudante implementou mensagens de erro customizadas para argumentos de agente inválidos corretamente\": \u001b[2mexpect(\u001b[22m\u001b[31mreceived\u001b[39m\u001b[2m).\u001b[22mtoBe\u001b[2m(\u001b[22m\u001b[32mexpected\u001b[39m\u001b[2m) // Object.is equality\u001b[22m\n\n    Expected: \u001b[32m400\u001b[39m\n    Received: \u001b[31mundefined\u001b[39m\n\u001b[2m\u001b[22m\n\u001b[2m    \u001b[0m \u001b[90m  7 |\u001b[39m                 \u001b[36mthrow\u001b[39m \u001b[36mnew\u001b[39m \u001b[33mError\u001b[39m(\u001b[32m`Connection refused on test: \"${description}\". Is the server running?`\u001b[39m)\u001b[33m;\u001b[39m\u001b[22m\n\u001b[2m     \u001b[90m  8 |\u001b[39m             }\u001b[22m\n\u001b[2m    \u001b[31m\u001b[1m>\u001b[22m\u001b[2m\u001b[39m\u001b[90m  9 |\u001b[39m             \u001b[36mthrow\u001b[39m \u001b[36mnew\u001b[39m \u001b[33mError\u001b[39m(\u001b[32m`An unexpected error occurred in test \"${description}\": ${error.message}`\u001b[39m)\u001b[33m;\u001b[39m\u001b[22m\n\u001b[2m     \u001b[90m    |\u001b[39m                   \u001b[31m\u001b[1m^\u001b[22m\u001b[2m\u001b[39m\u001b[22m\n\u001b[2m     \u001b[90m 10 |\u001b[39m         }\u001b[22m\n\u001b[2m     \u001b[90m 11 |\u001b[39m     })\u001b[33m;\u001b[39m\u001b[22m\n\u001b[2m     \u001b[90m 12 |\u001b[39m }\u001b[0m\u001b[22m\n\u001b[2m\u001b[22m\n\u001b[2m      \u001b[2mat Object.<anonymous> (\u001b[22m\u001b[2mtests/setup.js\u001b[2m:9:19)\u001b[22m\u001b[2m\u001b[22m\n\n\u001b[1m\u001b[31m  \u001b[1m● \u001b[22m\u001b[1mBonus Tests -  › Custom Error: › Custom Error: Estudante implementou mensagens de erro customizadas para argumentos de caso inválidos corretamente\u001b[39m\u001b[22m\n\n    An unexpected error occurred in test \"Custom Error: Estudante implementou mensagens de erro customizadas para argumentos de caso inválidos corretamente\": Cannot read properties of undefined (reading 'status')\n\u001b[2m\u001b[22m\n\u001b[2m    \u001b[0m \u001b[90m  7 |\u001b[39m                 \u001b[36mthrow\u001b[39m \u001b[36mnew\u001b[39m \u001b[33mError\u001b[39m(\u001b[32m`Connection refused on test: \"${description}\". Is the server running?`\u001b[39m)\u001b[33m;\u001b[39m\u001b[22m\n\u001b[2m     \u001b[90m  8 |\u001b[39m             }\u001b[22m\n\u001b[2m    \u001b[31m\u001b[1m>\u001b[22m\u001b[2m\u001b[39m\u001b[90m  9 |\u001b[39m             \u001b[36mthrow\u001b[39m \u001b[36mnew\u001b[39m \u001b[33mError\u001b[39m(\u001b[32m`An unexpected error occurred in test \"${description}\": ${error.message}`\u001b[39m)\u001b[33m;\u001b[39m\u001b[22m\n\u001b[2m     \u001b[90m    |\u001b[39m                   \u001b[31m\u001b[1m^\u001b[22m\u001b[2m\u001b[39m\u001b[22m\n\u001b[2m     \u001b[90m 10 |\u001b[39m         }\u001b[22m\n\u001b[2m     \u001b[90m 11 |\u001b[39m     })\u001b[33m;\u001b[39m\u001b[22m\n\u001b[2m     \u001b[90m 12 |\u001b[39m }\u001b[0m\u001b[22m\n\u001b[2m\u001b[22m\n\u001b[2m      \u001b[2mat Object.<anonymous> (\u001b[22m\u001b[2mtests/setup.js\u001b[2m:9:19)\u001b[22m\u001b[2m\u001b[22m\n","name":"/home/gnvr/Desktop/Autograder/autograder/tests/__tests__/bonus.test.js","startTime":1752684124363,"status":"failed","summary":""},{"assertionResults":[{"ancestorTitles":["Penalty Tests - ","Requests Tests - ","Logic and validation errors"],"duration":17,"failing":false,"failureDetails":[{}],"failureMessages":["Error: An unexpected error occurred in test \"Validation: ID utilizado para agentes não é UUID\": \u001b[2mexpect(\u001b[22m\u001b[31mreceived\u001b[39m\u001b[2m).\u001b[22mtoBeFalsy\u001b[2m()\u001b[22m\n\nReceived: \u001b[31mtrue\u001b[39m\n    at Object.<anonymous> (/home/gnvr/Desktop/Autograder/autograder/tests/setup.js:9:19)\n    at Promise.finally.completed (/home/gnvr/Desktop/Autograder/autograder/node_modules/jest-circus/build/jestAdapterInit.js:1559:28)\n    at new Promise (<anonymous>)\n    at callAsyncCircusFn (/home/gnvr/Desktop/Autograder/autograder/node_modules/jest-circus/build/jestAdapterInit.js:1499:10)\n    at _callCircusTest (/home/gnvr/Desktop/Autograder/autograder/node_modules/jest-circus/build/jestAdapterInit.js:1009:40)\n    at processTicksAndRejections (node:internal/process/task_queues:105:5)\n    at _runTest (/home/gnvr/Desktop/Autograder/autograder/node_modules/jest-circus/build/jestAdapterInit.js:949:3)\n    at _runTestsForDescribeBlock (/home/gnvr/Desktop/Autograder/autograder/node_modules/jest-circus/build/jestAdapterInit.js:839:13)\n    at _runTestsForDescribeBlock (/home/gnvr/Desktop/Autograder/autograder/node_modules/jest-circus/build/jestAdapterInit.js:829:11)\n    at _runTestsForDescribeBlock (/home/gnvr/Desktop/Autograder/autograder/node_modules/jest-circus/build/jestAdapterInit.js:829:11)\n    at _runTestsForDescribeBlock (/home/gnvr/Desktop/Autograder/autograder/node_modules/jest-circus/build/jestAdapterInit.js:829:11)\n    at run (/home/gnvr/Desktop/Autograder/autograder/node_modules/jest-circus/build/jestAdapterInit.js:757:3)\n    at runAndTransformResultsToJestFormat (/home/gnvr/Desktop/Autograder/autograder/node_modules/jest-circus/build/jestAdapterInit.js:1920:21)\n    at jestAdapter (/home/gnvr/Desktop/Autograder/autograder/node_modules/jest-circus/build/runner.js:101:19)\n    at runTestInternal (/home/gnvr/Desktop/Autograder/autograder/node_modules/jest-runner/build/index.js:272:16)\n    at runTest (/home/gnvr/Desktop/Autograder/autograder/node_modules/jest-runner/build/index.js:340:7)"],"fullName":"Penalty Tests -  Requests Tests -  Logic and validation errors Validation: ID utilizado para agentes não é UUID","invocations":1,"location":null,"numPassingAsserts":0,"retryReasons":[],"startAt":1752684124877,"status":"failed","title":"Validation: ID utilizado para agentes não é UUID"},{"ancestorTitles":["Penalty Tests - ","Requests Tests - ","Logic and validation errors"],"duration":143,"failing":false,"failureDetails":[{}],"failureMessages":["Error: An unexpected error occurred in test \"Validation: Consegue registrar um agente com dataDeIncorporacao em formato invalido (não é YYYY-MM,DD)\": \u001b[2mexpect(\u001b[22m\u001b[31mreceived\u001b[39m\u001b[2m).\u001b[22mtoBeFalsy\u001b[2m()\u001b[22m\n\nReceived: \u001b[31mtrue\u001b[39m\n    at Object.<anonymous> (/home/gnvr/Desktop/Autograder/autograder/tests/setup.js:9:19)\n    at processTicksAndRejections (node:internal/process/task_queues:105:5)"],"fullName":"Penalty Tests -  Requests Tests -  Logic and validation errors Validation: Consegue registrar um agente com dataDeIncorporacao em formato invalido (não é YYYY-MM,DD)","invocations":1,"location":null,"numPassingAsserts":0,"retryReasons":[],"startAt":1752684124897,"status":"failed","title":"Validation: Consegue registrar um agente com dataDeIncorporacao em formato invalido (não é YYYY-MM,DD)"},{"ancestorTitles":["Penalty Tests - ","Requests Tests - ","Logic and validation errors"],"duration":14,"failing":false,"failureDetails":[],"failureMessages":[],"fullName":"Penalty Tests -  Requests Tests -  Logic and validation errors Validation: Consegue registrar agente com data de incorporação no futuro","invocations":1,"location":null,"numPassingAsserts":1,"retryReasons":[],"startAt":1752684125040,"status":"passed","title":"Validation: Consegue registrar agente com data de incorporação no futuro"},{"ancestorTitles":["Penalty Tests - ","Requests Tests - ","Logic and validation errors"],"duration":15,"failing":false,"failureDetails":[],"failureMessages":[],"fullName":"Penalty Tests -  Requests Tests -  Logic and validation errors Validation: Consegue registrar agente com nome vazio","invocations":1,"location":null,"numPassingAsserts":1,"retryReasons":[],"startAt":1752684125055,"status":"passed","title":"Validation: Consegue registrar agente com nome vazio"},{"ancestorTitles":["Penalty Tests - ","Requests Tests - ","Logic and validation errors"],"duration":16,"failing":false,"failureDetails":[{}],"failureMessages":["Error: An unexpected error occurred in test \"Validation: Consegue registrar agente com data vazia\": \u001b[2mexpect(\u001b[22m\u001b[31mreceived\u001b[39m\u001b[2m).\u001b[22mtoBeFalsy\u001b[2m()\u001b[22m\n\nReceived: \u001b[31mtrue\u001b[39m\n    at Object.<anonymous> (/home/gnvr/Desktop/Autograder/autograder/tests/setup.js:9:19)\n    at processTicksAndRejections (node:internal/process/task_queues:105:5)"],"fullName":"Penalty Tests -  Requests Tests -  Logic and validation errors Validation: Consegue registrar agente com data vazia","invocations":1,"location":null,"numPassingAsserts":0,"retryReasons":[],"startAt":1752684125070,"status":"failed","title":"Validation: Consegue registrar agente com data vazia"},{"ancestorTitles":["Penalty Tests - ","Requests Tests - ","Logic and validation errors"],"duration":15,"failing":false,"failureDetails":[],"failureMessages":[],"fullName":"Penalty Tests -  Requests Tests -  Logic and validation errors Consegue registrar agente com cargo vazio","invocations":1,"location":null,"numPassingAsserts":1,"retryReasons":[],"startAt":1752684125087,"status":"passed","title":"Consegue registrar agente com cargo vazio"},{"ancestorTitles":["Penalty Tests - ","Requests Tests - ","Logic and validation errors"],"duration":13,"failing":false,"failureDetails":[{}],"failureMessages":["Error: An unexpected error occurred in test \"Validation: ID utilizado para casos não é UUID\": \u001b[2mexpect(\u001b[22m\u001b[31mreceived\u001b[39m\u001b[2m).\u001b[22mtoBeFalsy\u001b[2m()\u001b[22m\n\nReceived: \u001b[31mtrue\u001b[39m\n    at Object.<anonymous> (/home/gnvr/Desktop/Autograder/autograder/tests/setup.js:9:19)\n    at Promise.finally.completed (/home/gnvr/Desktop/Autograder/autograder/node_modules/jest-circus/build/jestAdapterInit.js:1559:28)\n    at new Promise (<anonymous>)\n    at callAsyncCircusFn (/home/gnvr/Desktop/Autograder/autograder/node_modules/jest-circus/build/jestAdapterInit.js:1499:10)\n    at _callCircusTest (/home/gnvr/Desktop/Autograder/autograder/node_modules/jest-circus/build/jestAdapterInit.js:1009:40)\n    at processTicksAndRejections (node:internal/process/task_queues:105:5)\n    at _runTest (/home/gnvr/Desktop/Autograder/autograder/node_modules/jest-circus/build/jestAdapterInit.js:949:3)\n    at _runTestsForDescribeBlock (/home/gnvr/Desktop/Autograder/autograder/node_modules/jest-circus/build/jestAdapterInit.js:839:13)\n    at _runTestsForDescribeBlock (/home/gnvr/Desktop/Autograder/autograder/node_modules/jest-circus/build/jestAdapterInit.js:829:11)\n    at _runTestsForDescribeBlock (/home/gnvr/Desktop/Autograder/autograder/node_modules/jest-circus/build/jestAdapterInit.js:829:11)\n    at _runTestsForDescribeBlock (/home/gnvr/Desktop/Autograder/autograder/node_modules/jest-circus/build/jestAdapterInit.js:829:11)\n    at run (/home/gnvr/Desktop/Autograder/autograder/node_modules/jest-circus/build/jestAdapterInit.js:757:3)\n    at runAndTransformResultsToJestFormat (/home/gnvr/Desktop/Autograder/autograder/node_modules/jest-circus/build/jestAdapterInit.js:1920:21)\n    at jestAdapter (/home/gnvr/Desktop/Autograder/autograder/node_modules/jest-circus/build/runner.js:101:19)\n    at runTestInternal (/home/gnvr/Desktop/Autograder/autograder/node_modules/jest-runner/build/index.js:272:16)\n    at runTest (/home/gnvr/Desktop/Autograder/autograder/node_modules/jest-runner/build/index.js:340:7)"],"fullName":"Penalty Tests -  Requests Tests -  Logic and validation errors Validation: ID utilizado para casos não é UUID","invocations":1,"location":null,"numPassingAsserts":0,"retryReasons":[],"startAt":1752684125103,"status":"failed","title":"Validation: ID utilizado para casos não é UUID"},{"ancestorTitles":["Penalty Tests - ","Requests Tests - ","Logic and validation errors"],"duration":16,"failing":false,"failureDetails":[],"failureMessages":[],"fullName":"Penalty Tests -  Requests Tests -  Logic and validation errors Validation: Consegue criar um caso com título vazio","invocations":1,"location":null,"numPassingAsserts":1,"retryReasons":[],"startAt":1752684125117,"status":"passed","title":"Validation: Consegue criar um caso com título vazio"},{"ancestorTitles":["Penalty Tests - ","Requests Tests - ","Logic and validation errors"],"duration":19,"failing":false,"failureDetails":[],"failureMessages":[],"fullName":"Penalty Tests -  Requests Tests -  Logic and validation errors Validation: Consegue criar um caso com descrição vazia","invocations":1,"location":null,"numPassingAsserts":1,"retryReasons":[],"startAt":1752684125134,"status":"passed","title":"Validation: Consegue criar um caso com descrição vazia"},{"ancestorTitles":["Penalty Tests - ","Requests Tests - ","Logic and validation errors"],"duration":19,"failing":false,"failureDetails":[],"failureMessages":[],"fullName":"Penalty Tests -  Requests Tests -  Logic and validation errors Validation: Consegue registrar caso com agente inexistente","invocations":1,"location":null,"numPassingAsserts":1,"retryReasons":[],"startAt":1752684125154,"status":"passed","title":"Validation: Consegue registrar caso com agente inexistente"},{"ancestorTitles":["Penalty Tests - ","Requests Tests - ","Logic and validation errors"],"duration":15,"failing":false,"failureDetails":[],"failureMessages":[],"fullName":"Penalty Tests -  Requests Tests -  Logic and validation errors Validation: Consegue atualizar um caso com status que não seja 'aberto' ou 'solucionado'","invocations":1,"location":null,"numPassingAsserts":1,"retryReasons":[],"startAt":1752684125173,"status":"passed","title":"Validation: Consegue atualizar um caso com status que não seja 'aberto' ou 'solucionado'"},{"ancestorTitles":["Penalty Tests - ","Static File Organization - "],"duration":1,"failing":false,"failureDetails":[],"failureMessages":[],"fullName":"Penalty Tests -  Static File Organization -  Static files: projeto não contém dependências obrigatórias","invocations":1,"location":null,"numPassingAsserts":0,"retryReasons":[],"startAt":1752684125195,"status":"passed","title":"Static files: projeto não contém dependências obrigatórias"},{"ancestorTitles":["Penalty Tests - ","Static File Organization - "],"duration":1,"failing":false,"failureDetails":[],"failureMessages":[],"fullName":"Penalty Tests -  Static File Organization -  Static files: .gitignore não contém pasta node_modules","invocations":1,"location":null,"numPassingAsserts":0,"retryReasons":[],"startAt":1752684125196,"status":"passed","title":"Static files: .gitignore não contém pasta node_modules"},{"ancestorTitles":["Penalty Tests - ","Static File Organization - "],"duration":1,"failing":false,"failureDetails":[],"failureMessages":[],"fullName":"Penalty Tests -  Static File Organization -  Static files: usuário não possui arquivo para documentação swagger","invocations":1,"location":null,"numPassingAsserts":0,"retryReasons":[],"startAt":1752684125197,"status":"passed","title":"Static files: usuário não possui arquivo para documentação swagger"},{"ancestorTitles":["Penalty Tests - ","Static File Organization - "],"duration":0,"failing":false,"failureDetails":[],"failureMessages":[],"fullName":"Penalty Tests -  Static File Organization -  Static files: usuário não seguiu estrutura de arquivos à risca","invocations":1,"location":null,"numPassingAsserts":0,"retryReasons":[],"startAt":1752684125198,"status":"passed","title":"Static files: usuário não seguiu estrutura de arquivos à risca"}],"endTime":1752684125206,"message":"\u001b[1m\u001b[31m  \u001b[1m● \u001b[22m\u001b[1mPenalty Tests -  › Requests Tests -  › Logic and validation errors › Validation: ID utilizado para agentes não é UUID\u001b[39m\u001b[22m\n\n    An unexpected error occurred in test \"Validation: ID utilizado para agentes não é UUID\": \u001b[2mexpect(\u001b[22m\u001b[31mreceived\u001b[39m\u001b[2m).\u001b[22mtoBeFalsy\u001b[2m()\u001b[22m\n\n    Received: \u001b[31mtrue\u001b[39m\n\u001b[2m\u001b[22m\n\u001b[2m    \u001b[0m \u001b[90m  7 |\u001b[39m                 \u001b[36mthrow\u001b[39m \u001b[36mnew\u001b[39m \u001b[33mError\u001b[39m(\u001b[32m`Connection refused on test: \"${description}\". Is the server running?`\u001b[39m)\u001b[33m;\u001b[39m\u001b[22m\n\u001b[2m     \u001b[90m  8 |\u001b[39m             }\u001b[22m\n\u001b[2m    \u001b[31m\u001b[1m>\u001b[22m\u001b[2m\u001b[39m\u001b[90m  9 |\u001b[39m             \u001b[36mthrow\u001b[39m \u001b[36mnew\u001b[39m \u001b[33mError\u001b[39m(\u001b[32m`An unexpected error occurred in test \"${description}\": ${error.message}`\u001b[39m)\u001b[33m;\u001b[39m\u001b[22m\n\u001b[2m     \u001b[90m    |\u001b[39m                   \u001b[31m\u001b[1m^\u001b[22m\u001b[2m\u001b[39m\u001b[22m\n\u001b[2m     \u001b[90m 10 |\u001b[39m         }\u001b[22m\n\u001b[2m     \u001b[90m 11 |\u001b[39m     })\u001b[33m;\u001b[39m\u001b[22m\n\u001b[2m     \u001b[90m 12 |\u001b[39m }\u001b[0m\u001b[22m\n\u001b[2m\u001b[22m\n\u001b[2m      \u001b[2mat Object.<anonymous> (\u001b[22m\u001b[2mtests/setup.js\u001b[2m:9:19)\u001b[22m\u001b[2m\u001b[22m\n\n\u001b[1m\u001b[31m  \u001b[1m● \u001b[22m\u001b[1mPenalty Tests -  › Requests Tests -  › Logic and validation errors › Validation: Consegue registrar um agente com dataDeIncorporacao em formato invalido (não é YYYY-MM,DD)\u001b[39m\u001b[22m\n\n    An unexpected error occurred in test \"Validation: Consegue registrar um agente com dataDeIncorporacao em formato invalido (não é YYYY-MM,DD)\": \u001b[2mexpect(\u001b[22m\u001b[31mreceived\u001b[39m\u001b[2m).\u001b[22mtoBeFalsy\u001b[2m()\u001b[22m\n\n    Received: \u001b[31mtrue\u001b[39m\n\u001b[2m\u001b[22m\n\u001b[2m    \u001b[0m \u001b[90m  7 |\u001b[39m                 \u001b[36mthrow\u001b[39m \u001b[36mnew\u001b[39m \u001b[33mError\u001b[39m(\u001b[32m`Connection refused on test: \"${description}\". Is the server running?`\u001b[39m)\u001b[33m;\u001b[39m\u001b[22m\n\u001b[2m     \u001b[90m  8 |\u001b[39m             }\u001b[22m\n\u001b[2m    \u001b[31m\u001b[1m>\u001b[22m\u001b[2m\u001b[39m\u001b[90m  9 |\u001b[39m             \u001b[36mthrow\u001b[39m \u001b[36mnew\u001b[39m \u001b[33mError\u001b[39m(\u001b[32m`An unexpected error occurred in test \"${description}\": ${error.message}`\u001b[39m)\u001b[33m;\u001b[39m\u001b[22m\n\u001b[2m     \u001b[90m    |\u001b[39m                   \u001b[31m\u001b[1m^\u001b[22m\u001b[2m\u001b[39m\u001b[22m\n\u001b[2m     \u001b[90m 10 |\u001b[39m         }\u001b[22m\n\u001b[2m     \u001b[90m 11 |\u001b[39m     })\u001b[33m;\u001b[39m\u001b[22m\n\u001b[2m     \u001b[90m 12 |\u001b[39m }\u001b[0m\u001b[22m\n\u001b[2m\u001b[22m\n\u001b[2m      \u001b[2mat Object.<anonymous> (\u001b[22m\u001b[2mtests/setup.js\u001b[2m:9:19)\u001b[22m\u001b[2m\u001b[22m\n\n\u001b[1m\u001b[31m  \u001b[1m● \u001b[22m\u001b[1mPenalty Tests -  › Requests Tests -  › Logic and validation errors › Validation: Consegue registrar agente com data vazia\u001b[39m\u001b[22m\n\n    An unexpected error occurred in test \"Validation: Consegue registrar agente com data vazia\": \u001b[2mexpect(\u001b[22m\u001b[31mreceived\u001b[39m\u001b[2m).\u001b[22mtoBeFalsy\u001b[2m()\u001b[22m\n\n    Received: \u001b[31mtrue\u001b[39m\n\u001b[2m\u001b[22m\n\u001b[2m    \u001b[0m \u001b[90m  7 |\u001b[39m                 \u001b[36mthrow\u001b[39m \u001b[36mnew\u001b[39m \u001b[33mError\u001b[39m(\u001b[32m`Connection refused on test: \"${description}\". Is the server running?`\u001b[39m)\u001b[33m;\u001b[39m\u001b[22m\n\u001b[2m     \u001b[90m  8 |\u001b[39m             }\u001b[22m\n\u001b[2m    \u001b[31m\u001b[1m>\u001b[22m\u001b[2m\u001b[39m\u001b[90m  9 |\u001b[39m             \u001b[36mthrow\u001b[39m \u001b[36mnew\u001b[39m \u001b[33mError\u001b[39m(\u001b[32m`An unexpected error occurred in test \"${description}\": ${error.message}`\u001b[39m)\u001b[33m;\u001b[39m\u001b[22m\n\u001b[2m     \u001b[90m    |\u001b[39m                   \u001b[31m\u001b[1m^\u001b[22m\u001b[2m\u001b[39m\u001b[22m\n\u001b[2m     \u001b[90m 10 |\u001b[39m         }\u001b[22m\n\u001b[2m     \u001b[90m 11 |\u001b[39m     })\u001b[33m;\u001b[39m\u001b[22m\n\u001b[2m     \u001b[90m 12 |\u001b[39m }\u001b[0m\u001b[22m\n\u001b[2m\u001b[22m\n\u001b[2m      \u001b[2mat Object.<anonymous> (\u001b[22m\u001b[2mtests/setup.js\u001b[2m:9:19)\u001b[22m\u001b[2m\u001b[22m\n\n\u001b[1m\u001b[31m  \u001b[1m● \u001b[22m\u001b[1mPenalty Tests -  › Requests Tests -  › Logic and validation errors › Validation: ID utilizado para casos não é UUID\u001b[39m\u001b[22m\n\n    An unexpected error occurred in test \"Validation: ID utilizado para casos não é UUID\": \u001b[2mexpect(\u001b[22m\u001b[31mreceived\u001b[39m\u001b[2m).\u001b[22mtoBeFalsy\u001b[2m()\u001b[22m\n\n    Received: \u001b[31mtrue\u001b[39m\n\u001b[2m\u001b[22m\n\u001b[2m    \u001b[0m \u001b[90m  7 |\u001b[39m                 \u001b[36mthrow\u001b[39m \u001b[36mnew\u001b[39m \u001b[33mError\u001b[39m(\u001b[32m`Connection refused on test: \"${description}\". Is the server running?`\u001b[39m)\u001b[33m;\u001b[39m\u001b[22m\n\u001b[2m     \u001b[90m  8 |\u001b[39m             }\u001b[22m\n\u001b[2m    \u001b[31m\u001b[1m>\u001b[22m\u001b[2m\u001b[39m\u001b[90m  9 |\u001b[39m             \u001b[36mthrow\u001b[39m \u001b[36mnew\u001b[39m \u001b[33mError\u001b[39m(\u001b[32m`An unexpected error occurred in test \"${description}\": ${error.message}`\u001b[39m)\u001b[33m;\u001b[39m\u001b[22m\n\u001b[2m     \u001b[90m    |\u001b[39m                   \u001b[31m\u001b[1m^\u001b[22m\u001b[2m\u001b[39m\u001b[22m\n\u001b[2m     \u001b[90m 10 |\u001b[39m         }\u001b[22m\n\u001b[2m     \u001b[90m 11 |\u001b[39m     })\u001b[33m;\u001b[39m\u001b[22m\n\u001b[2m     \u001b[90m 12 |\u001b[39m }\u001b[0m\u001b[22m\n\u001b[2m\u001b[22m\n\u001b[2m      \u001b[2mat Object.<anonymous> (\u001b[22m\u001b[2mtests/setup.js\u001b[2m:9:19)\u001b[22m\u001b[2m\u001b[22m\n","name":"/home/gnvr/Desktop/Autograder/autograder/tests/__tests__/penalty.test.js","startTime":1752684124802,"status":"failed","summary":""}],"wasInterrupted":false}
